<?xml version="1.0" encoding="UTF-8"?>
<testng-results skipped="0" failed="0" total="1" passed="1">
  <reporter-output>
  </reporter-output>
  <suite name="webinar test suite" duration-ms="220933" started-at="2015-06-08T23:19:17Z" finished-at="2015-06-08T23:22:58Z">
    <groups>
    </groups>
    <test name="schedule meeting" duration-ms="220933" started-at="2015-06-08T23:19:17Z" finished-at="2015-06-08T23:22:58Z">
      <class name="webinar.scheduleWebinar">
        <test-method status="PASS" signature="launchUrl(org.testng.xml.XmlTest)[pri:0, instance:webinar.scheduleWebinar@4cdbe50f]" name="launchUrl" is-config="true" duration-ms="16907" started-at="2015-06-08T16:19:17Z" finished-at="2015-06-08T16:19:34Z">
          <params>
            <param index="0">
              <value>
                <![CDATA[[Test: "schedule meeting" verbose:1[parameters:][metagroups:] [included: ][excluded: ]  classes:[XmlClass class=webinar.scheduleWebinar]  packages:] ]]>
              </value>
            </param>
          </params>
          <reporter-output>
          </reporter-output>
        </test-method> <!-- launchUrl -->
        <test-method status="PASS" signature="beforeClass(org.testng.xml.XmlTest)[pri:0, instance:webinar.scheduleWebinar@4cdbe50f]" name="beforeClass" is-config="true" duration-ms="64" started-at="2015-06-08T16:19:34Z" finished-at="2015-06-08T16:19:34Z">
          <params>
            <param index="0">
              <value>
                <![CDATA[[Test: "schedule meeting" verbose:1[parameters:][metagroups:] [included: ][excluded: ]  classes:[XmlClass class=webinar.scheduleWebinar]  packages:] ]]>
              </value>
            </param>
          </params>
          <reporter-output>
          </reporter-output>
        </test-method> <!-- beforeClass -->
        <test-method status="PASS" signature="scheduleMeetingOneSessionTest(org.testng.xml.XmlTest)[pri:0, instance:webinar.scheduleWebinar@4cdbe50f]" name="scheduleMeetingOneSessionTest" duration-ms="202269" started-at="2015-06-08T16:19:34Z" finished-at="2015-06-08T16:22:56Z">
          <params>
            <param index="0">
              <value>
                <![CDATA[[Test: "schedule meeting" verbose:1[parameters:][metagroups:] [included: ][excluded: ]  classes:[XmlClass class=webinar.scheduleWebinar]  packages:] ]]>
              </value>
            </param>
          </params>
          <reporter-output>
          </reporter-output>
        </test-method> <!-- scheduleMeetingOneSessionTest -->
        <test-method status="PASS" signature="afterClass()[pri:0, instance:webinar.scheduleWebinar@4cdbe50f]" name="afterClass" is-config="true" duration-ms="1675" started-at="2015-06-08T16:22:56Z" finished-at="2015-06-08T16:22:58Z">
          <reporter-output>
          </reporter-output>
        </test-method> <!-- afterClass -->
      </class> <!-- webinar.scheduleWebinar -->
    </test> <!-- schedule meeting -->
  </suite> <!-- webinar test suite -->
</testng-results>
